<?xml version="1.0" encoding="UTF-8"?>
<testsuite xmlns:xsi="http://www.w3.org/2001/XMLSchema-instance" xsi:noNamespaceSchemaLocation="https://maven.apache.org/surefire/maven-surefire-plugin/xsd/surefire-test-report-3.0.xsd" version="3.0" name="org.iftm.atividadea2.AtividadeA2ApplicationTests" time="1.713" tests="1" errors="0" skipped="0" failures="0">
  <properties>
[...]
</properties>
  <testcase name="contextLoads" classname="org.iftm.atividadea2.AtividadeA2ApplicationTests" time="0.71">
    <system-out><![CDATA[21:10:01.633 [main] INFO org.springframework.test.context.support.AnnotationConfigContextLoaderUtils -- Could not detect default configuration classes for test class [org.iftm.atividadea2.AtividadeA2ApplicationTests]: AtividadeA2ApplicationTests does not declare any static, non-private, non-final, nested classes annotated with @Configuration.
21:10:01.718 [main] INFO org.springframework.boot.test.context.SpringBootTestContextBootstrapper -- Found @SpringBootConfiguration org.iftm.atividadea2.AtividadeA2Application for test class org.iftm.atividadea2.AtividadeA2ApplicationTests

  .   ____          _            __ _ _
 /\\ / ___'_ __ _ _(_)_ __  __ _ \ \ \ \
( ( )\___ | '_ | '_| | '_ \/ _` | \ \ \ \
 \\/  ___)| |_)| | | | | || (_| |  ) ) ) )
  '  |____| .__|_| |_|_| |_\__, | / / / /
 =========|_|==============|___/=/_/_/_/
 :: Spring Boot ::                (v3.2.3)

2026-03-09T21:10:02.061-03:00  INFO 3332 --- [atividade-a2] [           main] o.i.a.AtividadeA2ApplicationTests        : Starting AtividadeA2ApplicationTests using Java 21.0.2 with PID 3332 (started by aluno in C:\Users\aluno.UDICENTRO\atividade-a2)
2026-03-09T21:10:02.061-03:00  INFO 3332 --- [atividade-a2] [           main] o.i.a.AtividadeA2ApplicationTests        : No active profile set, falling back to 1 default profile: "default"
2026-03-09T21:10:02.462-03:00  INFO 3332 --- [atividade-a2] [           main] o.i.a.AtividadeA2ApplicationTests        : Started AtividadeA2ApplicationTests in 0.627 seconds (process running for 1.371)
]]></system-out>
    <system-err><![CDATA[WARNING: A Java agent has been loaded dynamically (C:\Users\aluno.UDICENTRO\.m2\repository\net\bytebuddy\byte-buddy-agent\1.14.12\byte-buddy-agent-1.14.12.jar)
WARNING: If a serviceability tool is in use, please run with -XX:+EnableDynamicAgentLoading to hide this warning
WARNING: If a serviceability tool is not in use, please run with -Djdk.instrument.traceUsage for more information
WARNING: Dynamic loading of agents will be disallowed by default in a future release
]]></system-err>
  </testcase>
</testsuite>